OCCS-android/app/build/outputs/logs/manifest-merger-debug-report.txt
-- Merging decision tree log ---
manifest
ADDED from src\main\AndroidManifest.xml:2:1-292:12
	package
		ADDED from src\main\AndroidManifest.xml:3:5-35
		INJECTED from src\main\AndroidManifest.xml
		INJECTED from src\main\AndroidManifest.xml
	android:versionName
		INJECTED from src\main\AndroidManifest.xml
		INJECTED from src\main\AndroidManifest.xml
	xmlns:android
		ADDED from src\main\AndroidManifest.xml:2:11-69
	android:versionCode
		INJECTED from src\main\AndroidManifest.xml
		INJECTED from src\main\AndroidManifest.xml
permission#com.occs.ldsoft.occs.permission.JPUSH_MESSAGE
ADDED from src\main\AndroidManifest.xml:7:5-116
	android:protectionLevel
		ADDED from src\main\AndroidManifest.xml:7:78-113
	android:name
		ADDED from src\main\AndroidManifest.xml:7:17-77
uses-permission#com.occs.ldsoft.occs.permission.JPUSH_MESSAGE
ADDED from src\main\AndroidManifest.xml:10:5-85
	android:name
		ADDED from src\main\AndroidManifest.xml:10:22-82
uses-permission#android.permission.RECEIVE_USER_PRESENT
ADDED from src\main\AndroidManifest.xml:11:5-79
	android:name
		ADDED from src\main\AndroidManifest.xml:11:22-76
uses-permission#android.permission.INTERNET
ADDED from src\main\AndroidManifest.xml:12:5-67
	android:name
		ADDED from src\main\AndroidManifest.xml:12:22-64
uses-permission#android.permission.WAKE_LOCK
ADDED from src\main\AndroidManifest.xml:13:5-68
	android:name
		ADDED from src\main\AndroidManifest.xml:13:22-65
uses-permission#android.permission.READ_PHONE_STATE
ADDED from src\main\AndroidManifest.xml:14:5-75
	android:name
		ADDED from src\main\AndroidManifest.xml:14:22-72
uses-permission#android.permission.WRITE_EXTERNAL_STORAGE
ADDED from src\main\AndroidManifest.xml:15:5-81
	android:name
		ADDED from src\main\AndroidManifest.xml:15:22-78
uses-permission#android.permission.READ_EXTERNAL_STORAGE
ADDED from src\main\AndroidManifest.xml:16:5-80
	android:name
		ADDED from src\main\AndroidManifest.xml:16:22-77
uses-permission#android.permission.VIBRATE
ADDED from src\main\AndroidManifest.xml:17:5-66
	android:name
		ADDED from src\main\AndroidManifest.xml:17:22-63
uses-permission#android.permission.MOUNT_UNMOUNT_FILESYSTEMS
ADDED from src\main\AndroidManifest.xml:18:5-84
	android:name
		ADDED from src\main\AndroidManifest.xml:18:22-81
uses-permission#android.permission.ACCESS_NETWORK_STATE
ADDED from src\main\AndroidManifest.xml:19:5-79
	android:name
		ADDED from src\main\AndroidManifest.xml:19:22-76
uses-permission#android.permission.CAMERA
ADDED from src\main\AndroidManifest.xml:20:5-65
	android:name
		ADDED from src\main\AndroidManifest.xml:20:22-62
uses-permission#android.permission.BROADCAST_STICKY
ADDED from src\main\AndroidManifest.xml:21:5-75
	android:name
		ADDED from src\main\AndroidManifest.xml:21:22-72
uses-permission#android.permission.WRITE_SETTINGS
ADDED from src\main\AndroidManifest.xml:22:5-73
	android:name
		ADDED from src\main\AndroidManifest.xml:22:22-70
uses-permission#android.permission.ACCESS_COARSE_LOCATION
ADDED from src\main\AndroidManifest.xml:25:5-81
	android:name
		ADDED from src\main\AndroidManifest.xml:25:22-78
uses-permission#android.permission.ACCESS_WIFI_STATE
ADDED from src\main\AndroidManifest.xml:26:5-76
	android:name
		ADDED from src\main\AndroidManifest.xml:26:22-73
uses-permission#android.permission.CHANGE_WIFI_STATE
ADDED from src\main\AndroidManifest.xml:27:5-76
	android:name
		ADDED from src\main\AndroidManifest.xml:27:22-73
uses-permission#android.permission.ACCESS_FINE_LOCATION
ADDED from src\main\AndroidManifest.xml:28:5-79
	android:name
		ADDED from src\main\AndroidManifest.xml:28:22-76
uses-permission#android.permission.ACCESS_LOCATION_EXTRA_COMMANDS
ADDED from src\main\AndroidManifest.xml:29:5-89
	android:name
		ADDED from src\main\AndroidManifest.xml:29:22-86
uses-permission#android.permission.CHANGE_NETWORK_STATE
ADDED from src\main\AndroidManifest.xml:30:5-79
	android:name
		ADDED from src\main\AndroidManifest.xml:30:22-76
uses-permission#android.permission.GET_TASKS
ADDED from src\main\AndroidManifest.xml:31:5-68
	android:name
		ADDED from src\main\AndroidManifest.xml:31:22-65
uses-feature#android.hardware.camera
ADDED from src\main\AndroidManifest.xml:33:5-59
	android:name
		ADDED from src\main\AndroidManifest.xml:33:19-57
application
ADDED from src\main\AndroidManifest.xml:35:5-290:19
MERGED from [com.android.support:appcompat-v7:22.2.1] AndroidManifest.xml:22:5-20
MERGED from [com.android.support:support-v4:22.2.1] AndroidManifest.xml:22:5-20
	android:label
		ADDED from src\main\AndroidManifest.xml:38:9-41
	android:allowBackup
		ADDED from src\main\AndroidManifest.xml:36:9-35
	android:icon
		ADDED from src\main\AndroidManifest.xml:37:9-47
	android:theme
		ADDED from src\main\AndroidManifest.xml:39:9-40
service#cn.jpush.android.service.PushService
ADDED from src\main\AndroidManifest.xml:42:9-52:19
	android:enabled
		ADDED from src\main\AndroidManifest.xml:44:13-35
	android:exported
		ADDED from src\main\AndroidManifest.xml:45:13-37
	android:name
		ADDED from src\main\AndroidManifest.xml:43:13-64
intent-filter#cn.jpush.android.intent.PUSH_TIME+cn.jpush.android.intent.PushService+cn.jpush.android.intent.REGISTER+cn.jpush.android.intent.REPORT
ADDED from src\main\AndroidManifest.xml:46:13-51:29
action#cn.jpush.android.intent.REGISTER
ADDED from src\main\AndroidManifest.xml:47:17-75
	android:name
		ADDED from src\main\AndroidManifest.xml:47:25-72
action#cn.jpush.android.intent.REPORT
ADDED from src\main\AndroidManifest.xml:48:17-73
	android:name
		ADDED from src\main\AndroidManifest.xml:48:25-70
action#cn.jpush.android.intent.PushService
ADDED from src\main\AndroidManifest.xml:49:17-78
	android:name
		ADDED from src\main\AndroidManifest.xml:49:25-75
action#cn.jpush.android.intent.PUSH_TIME
ADDED from src\main\AndroidManifest.xml:50:17-76
	android:name
		ADDED from src\main\AndroidManifest.xml:50:25-73
receiver#cn.jpush.android.service.PushReceiver
ADDED from src\main\AndroidManifest.xml:56:9-73:20
	android:enabled
		ADDED from src\main\AndroidManifest.xml:58:13-35
	android:name
		ADDED from src\main\AndroidManifest.xml:57:13-65
intent-filter#cn.jpush.android.intent.NOTIFICATION_RECEIVED_PROXY+com.occs.ldsoft.occs
ADDED from src\main\AndroidManifest.xml:59:13-62:29
	android:priority
		ADDED from src\main\AndroidManifest.xml:59:28-51
action#cn.jpush.android.intent.NOTIFICATION_RECEIVED_PROXY
ADDED from src\main\AndroidManifest.xml:60:17-94
	android:name
		ADDED from src\main\AndroidManifest.xml:60:25-91
category#com.occs.ldsoft.occs
ADDED from src\main\AndroidManifest.xml:61:17-64
	android:name
		ADDED from src\main\AndroidManifest.xml:61:27-62
intent-filter#android.intent.action.USER_PRESENT+android.net.conn.CONNECTIVITY_CHANGE
ADDED from src\main\AndroidManifest.xml:63:13-66:29
action#android.intent.action.USER_PRESENT
ADDED from src\main\AndroidManifest.xml:64:17-77
	android:name
		ADDED from src\main\AndroidManifest.xml:64:25-74
action#android.net.conn.CONNECTIVITY_CHANGE
ADDED from src\main\AndroidManifest.xml:65:17-79
	android:name
		ADDED from src\main\AndroidManifest.xml:65:25-76
intent-filter#android.intent.action.PACKAGE_ADDED+android.intent.action.PACKAGE_REMOVED
ADDED from src\main\AndroidManifest.xml:68:13-72:29
action#android.intent.action.PACKAGE_ADDED
ADDED from src\main\AndroidManifest.xml:69:17-78
	android:name
		ADDED from src\main\AndroidManifest.xml:69:25-75
action#android.intent.action.PACKAGE_REMOVED
ADDED from src\main\AndroidManifest.xml:70:17-80
	android:name
		ADDED from src\main\AndroidManifest.xml:70:25-77
data
ADDED from src\main\AndroidManifest.xml:71:17-50
	android:scheme
		ADDED from src\main\AndroidManifest.xml:71:23-47
receiver#com.occs.ldsoft.occs.PushReceiver
ADDED from src\main\AndroidManifest.xml:76:9-87:20
	android:enabled
		ADDED from src\main\AndroidManifest.xml:78:13-35
	android:name
		ADDED from src\main\AndroidManifest.xml:77:13-41
intent-filter#cn.jpush.android.intent.MESSAGE_RECEIVED+cn.jpush.android.intent.NOTIFICATION_OPENED+cn.jpush.android.intent.NOTIFICATION_RECEIVED+cn.jpush.android.intent.REGISTRATION+com.occs.ldsoft.occs
ADDED from src\main\AndroidManifest.xml:79:13-86:29
action#cn.jpush.android.intent.REGISTRATION
ADDED from src\main\AndroidManifest.xml:80:17-79
	android:name
		ADDED from src\main\AndroidManifest.xml:80:25-76
action#cn.jpush.android.intent.MESSAGE_RECEIVED
ADDED from src\main\AndroidManifest.xml:81:17-83
	android:name
		ADDED from src\main\AndroidManifest.xml:81:25-80
action#cn.jpush.android.intent.NOTIFICATION_RECEIVED
ADDED from src\main\AndroidManifest.xml:82:17-88
	android:name
		ADDED from src\main\AndroidManifest.xml:82:25-85
action#cn.jpush.android.intent.NOTIFICATION_OPENED
ADDED from src\main\AndroidManifest.xml:83:17-86
	android:name
		ADDED from src\main\AndroidManifest.xml:83:25-83
activity#com.occs.ldsoft.occs.StartActivity
ADDED from src\main\AndroidManifest.xml:89:9-98:20
	android:screenOrientation
		ADDED from src\main\AndroidManifest.xml:92:13-49
	android:label
		ADDED from src\main\AndroidManifest.xml:91:13-45
	android:windowSoftInputMode
		ADDED from src\main\AndroidManifest.xml:93:13-65
	android:name
		ADDED from src\main\AndroidManifest.xml:90:13-42
intent-filter#android.intent.action.MAIN+android.intent.category.LAUNCHER
ADDED from src\main\AndroidManifest.xml:94:13-97:29
action#android.intent.action.MAIN
ADDED from src\main\AndroidManifest.xml:95:17-69
	android:name
		ADDED from src\main\AndroidManifest.xml:95:25-66
category#android.intent.category.LAUNCHER
ADDED from src\main\AndroidManifest.xml:96:17-77
	android:name
		ADDED from src\main\AndroidManifest.xml:96:27-74
activity#com.occs.ldsoft.occs.LogInActivity
ADDED from src\main\AndroidManifest.xml:99:9-104:20
	android:screenOrientation
		ADDED from src\main\AndroidManifest.xml:102:13-49
	android:label
		ADDED from src\main\AndroidManifest.xml:101:13-45
	android:windowSoftInputMode
		ADDED from src\main\AndroidManifest.xml:103:13-65
	android:name
		ADDED from src\main\AndroidManifest.xml:100:13-42
activity#com.occs.ldsoft.occs.RegisterTypeActivity
ADDED from src\main\AndroidManifest.xml:105:9-110:20
	android:screenOrientation
		ADDED from src\main\AndroidManifest.xml:108:13-49
	android:label
		ADDED from src\main\AndroidManifest.xml:107:13-45
	android:windowSoftInputMode
		ADDED from src\main\AndroidManifest.xml:109:13-65
	android:name
		ADDED from src\main\AndroidManifest.xml:106:13-49
activity#com.occs.ldsoft.occs.RegisterInputActivity
ADDED from src\main\AndroidManifest.xml:111:9-116:20
	android:screenOrientation
		ADDED from src\main\AndroidManifest.xml:115:13-49
	android:label
		ADDED from src\main\AndroidManifest.xml:114:13-45
	android:windowSoftInputMode
		ADDED from src\main\AndroidManifest.xml:113:13-65
	android:name
		ADDED from src\main\AndroidManifest.xml:112:13-50
activity#com.occs.ldsoft.occs.TabViewContainerActivity
ADDED from src\main\AndroidManifest.xml:118:9-122:20
	android:screenOrientation
		ADDED from src\main\AndroidManifest.xml:121:13-49
	android:label
		ADDED from src\main\AndroidManifest.xml:120:13-45
	android:name
		ADDED from src\main\AndroidManifest.xml:119:13-53
activity#com.occs.ldsoft.occs.SendDemandActivity
ADDED from src\main\AndroidManifest.xml:124:9-129:20
	android:screenOrientation
		ADDED from src\main\AndroidManifest.xml:128:13-49
	android:label
		ADDED from src\main\AndroidManifest.xml:127:13-45
	android:windowSoftInputMode
		ADDED from src\main\AndroidManifest.xml:126:13-65
	android:name
		ADDED from src\main\AndroidManifest.xml:125:13-47
activity#com.occs.ldsoft.occs.FindPassCodeActivity
ADDED from src\main\AndroidManifest.xml:131:9-136:20
	android:screenOrientation
		ADDED from src\main\AndroidManifest.xml:135:13-49
	android:label
		ADDED from src\main\AndroidManifest.xml:134:13-45
	android:windowSoftInputMode
		ADDED from src\main\AndroidManifest.xml:133:13-65
	android:name
		ADDED from src\main\AndroidManifest.xml:132:13-49
activity#com.occs.ldsoft.occs.FindPassNameActivity
ADDED from src\main\AndroidManifest.xml:138:9-143:20
	android:screenOrientation
		ADDED from src\main\AndroidManifest.xml:142:13-49
	android:label
		ADDED from src\main\AndroidManifest.xml:141:13-45
	android:windowSoftInputMode
		ADDED from src\main\AndroidManifest.xml:140:13-65
	android:name
		ADDED from src\main\AndroidManifest.xml:139:13-49
activity#com.occs.ldsoft.occs.FindPassNewPassActivity
ADDED from src\main\AndroidManifest.xml:145:9-150:20
	android:screenOrientation
		ADDED from src\main\AndroidManifest.xml:149:13-49
	android:label
		ADDED from src\main\AndroidManifest.xml:148:13-45
	android:windowSoftInputMode
		ADDED from src\main\AndroidManifest.xml:147:13-65
	android:name
		ADDED from src\main\AndroidManifest.xml:146:13-52
activity#com.occs.ldsoft.occs.RegisterContractActivity
ADDED from src\main\AndroidManifest.xml:152:9-157:20
	android:screenOrientation
		ADDED from src\main\AndroidManifest.xml:156:13-49
	android:label
		ADDED from src\main\AndroidManifest.xml:155:13-45
	android:windowSoftInputMode
		ADDED from src\main\AndroidManifest.xml:154:13-65
	android:name
		ADDED from src\main\AndroidManifest.xml:153:13-53
activity#com.occs.ldsoft.occs.PersonInfoActivity
ADDED from src\main\AndroidManifest.xml:158:9-163:20
	android:screenOrientation
		ADDED from src\main\AndroidManifest.xml:161:13-49
	android:label
		ADDED from src\main\AndroidManifest.xml:160:13-45
	android:windowSoftInputMode
		ADDED from src\main\AndroidManifest.xml:162:13-65
	android:name
		ADDED from src\main\AndroidManifest.xml:159:13-47
activity#com.occs.ldsoft.occs.AccountModifyActivity
ADDED from src\main\AndroidManifest.xml:164:9-169:20
	android:screenOrientation
		ADDED from src\main\AndroidManifest.xml:167:13-49
	android:label
		ADDED from src\main\AndroidManifest.xml:166:13-45
	android:windowSoftInputMode
		ADDED from src\main\AndroidManifest.xml:168:13-65
	android:name
		ADDED from src\main\AndroidManifest.xml:165:13-50
activity#cn.jpush.android.ui.PushActivity
ADDED from src\main\AndroidManifest.xml:170:9-179:20
	android:configChanges
		ADDED from src\main\AndroidManifest.xml:173:13-63
	android:theme
		ADDED from src\main\AndroidManifest.xml:172:13-72
	android:name
		ADDED from src\main\AndroidManifest.xml:171:13-60
intent-filter#android.intent.category.DEFAULT+cn.jpush.android.ui.PushActivity+com.occs.ldsoft.occs
ADDED from src\main\AndroidManifest.xml:174:13-178:29
action#cn.jpush.android.ui.PushActivity
ADDED from src\main\AndroidManifest.xml:175:17-75
	android:name
		ADDED from src\main\AndroidManifest.xml:175:25-72
category#android.intent.category.DEFAULT
ADDED from src\main\AndroidManifest.xml:176:17-76
	android:name
		ADDED from src\main\AndroidManifest.xml:176:27-73
activity#com.occs.ldsoft.occs.PersonCameraActivity
ADDED from src\main\AndroidManifest.xml:181:9-186:20
	android:screenOrientation
		ADDED from src\main\AndroidManifest.xml:184:13-49
	android:label
		ADDED from src\main\AndroidManifest.xml:183:13-45
	android:windowSoftInputMode
		ADDED from src\main\AndroidManifest.xml:185:13-65
	android:name
		ADDED from src\main\AndroidManifest.xml:182:13-49
activity#com.occs.ldsoft.occs.PhotoCroperActivity
ADDED from src\main\AndroidManifest.xml:188:9-192:20
	android:screenOrientation
		ADDED from src\main\AndroidManifest.xml:191:13-49
	android:label
		ADDED from src\main\AndroidManifest.xml:190:13-45
	android:name
		ADDED from src\main\AndroidManifest.xml:189:13-48
activity#com.occs.ldsoft.occs.MyAccountWebActivity
ADDED from src\main\AndroidManifest.xml:194:9-199:20
	android:screenOrientation
		ADDED from src\main\AndroidManifest.xml:197:13-49
	android:label
		ADDED from src\main\AndroidManifest.xml:196:13-45
	android:windowSoftInputMode
		ADDED from src\main\AndroidManifest.xml:198:13-65
	android:name
		ADDED from src\main\AndroidManifest.xml:195:13-49
activity#com.occs.ldsoft.occs.HelperActivity
ADDED from src\main\AndroidManifest.xml:201:9-206:20
	android:screenOrientation
		ADDED from src\main\AndroidManifest.xml:204:13-49
	android:label
		ADDED from src\main\AndroidManifest.xml:203:13-45
	android:windowSoftInputMode
		ADDED from src\main\AndroidManifest.xml:205:13-65
	android:name
		ADDED from src\main\AndroidManifest.xml:202:13-43
activity#com.occs.ldsoft.occs.ContactServiceActivity
ADDED from src\main\AndroidManifest.xml:208:9-213:20
	android:screenOrientation
		ADDED from src\main\AndroidManifest.xml:211:13-49
	android:label
		ADDED from src\main\AndroidManifest.xml:210:13-45
	android:windowSoftInputMode
		ADDED from src\main\AndroidManifest.xml:212:13-65
	android:name
		ADDED from src\main\AndroidManifest.xml:209:13-51
activity#com.occs.ldsoft.occs.AboutActivity
ADDED from src\main\AndroidManifest.xml:215:9-220:20
	android:screenOrientation
		ADDED from src\main\AndroidManifest.xml:218:13-49
	android:label
		ADDED from src\main\AndroidManifest.xml:217:13-45
	android:windowSoftInputMode
		ADDED from src\main\AndroidManifest.xml:219:13-65
	android:name
		ADDED from src\main\AndroidManifest.xml:216:13-42
activity#com.occs.ldsoft.occs.OccsGongdanActivity
ADDED from src\main\AndroidManifest.xml:222:9-227:20
	android:screenOrientation
		ADDED from src\main\AndroidManifest.xml:225:13-49
	android:label
		ADDED from src\main\AndroidManifest.xml:224:13-45
	android:windowSoftInputMode
		ADDED from src\main\AndroidManifest.xml:226:13-65
	android:name
		ADDED from src\main\AndroidManifest.xml:223:13-48
activity#com.occs.ldsoft.occs.ActivityActivity
ADDED from src\main\AndroidManifest.xml:229:9-234:20
	android:screenOrientation
		ADDED from src\main\AndroidManifest.xml:232:13-49
	android:label
		ADDED from src\main\AndroidManifest.xml:231:13-45
	android:windowSoftInputMode
		ADDED from src\main\AndroidManifest.xml:233:13-65
	android:name
		ADDED from src\main\AndroidManifest.xml:230:13-45
activity#com.occs.ldsoft.occs.SysNotificationActivity
ADDED from src\main\AndroidManifest.xml:236:9-241:20
	android:screenOrientation
		ADDED from src\main\AndroidManifest.xml:239:13-49
	android:label
		ADDED from src\main\AndroidManifest.xml:238:13-45
	android:windowSoftInputMode
		ADDED from src\main\AndroidManifest.xml:240:13-65
	android:name
		ADDED from src\main\AndroidManifest.xml:237:13-52
activity#com.occs.ldsoft.occs.SettingActivity
ADDED from src\main\AndroidManifest.xml:243:9-248:20
	android:screenOrientation
		ADDED from src\main\AndroidManifest.xml:246:13-49
	android:label
		ADDED from src\main\AndroidManifest.xml:245:13-45
	android:windowSoftInputMode
		ADDED from src\main\AndroidManifest.xml:247:13-65
	android:name
		ADDED from src\main\AndroidManifest.xml:244:13-44
activity#com.occs.ldsoft.occs.OccsSingleWebPageActivity
ADDED from src\main\AndroidManifest.xml:250:9-255:20
	android:screenOrientation
		ADDED from src\main\AndroidManifest.xml:253:13-49
	android:label
		ADDED from src\main\AndroidManifest.xml:252:13-45
	android:windowSoftInputMode
		ADDED from src\main\AndroidManifest.xml:254:13-65
	android:name
		ADDED from src\main\AndroidManifest.xml:251:13-54
activity#com.occs.ldsoft.occs.GongdanSingleWebActivity
ADDED from src\main\AndroidManifest.xml:257:9-262:20
	android:screenOrientation
		ADDED from src\main\AndroidManifest.xml:260:13-49
	android:label
		ADDED from src\main\AndroidManifest.xml:259:13-45
	android:windowSoftInputMode
		ADDED from src\main\AndroidManifest.xml:261:13-65
	android:name
		ADDED from src\main\AndroidManifest.xml:258:13-53
activity#com.occs.ldsoft.occs.GongdanSuitableActivity
ADDED from src\main\AndroidManifest.xml:264:9-269:20
	android:screenOrientation
		ADDED from src\main\AndroidManifest.xml:267:13-49
	android:label
		ADDED from src\main\AndroidManifest.xml:266:13-45
	android:windowSoftInputMode
		ADDED from src\main\AndroidManifest.xml:268:13-65
	android:name
		ADDED from src\main\AndroidManifest.xml:265:13-52
service#cn.jpush.android.service.DownloadService
ADDED from src\main\AndroidManifest.xml:272:9-276:19
	android:enabled
		ADDED from src\main\AndroidManifest.xml:274:13-35
	android:exported
		ADDED from src\main\AndroidManifest.xml:275:13-37
	android:name
		ADDED from src\main\AndroidManifest.xml:273:13-68
receiver#cn.jpush.android.service.AlarmReceiver
ADDED from src\main\AndroidManifest.xml:278:9-75
	android:name
		ADDED from src\main\AndroidManifest.xml:278:19-72
meta-data#JPUSH_CHANNEL
ADDED from src\main\AndroidManifest.xml:286:9-84
	android:value
		ADDED from src\main\AndroidManifest.xml:286:49-82
	android:name
		ADDED from src\main\AndroidManifest.xml:286:20-48
meta-data#JPUSH_APPKEY
ADDED from src\main\AndroidManifest.xml:288:9-90
	android:value
		ADDED from src\main\AndroidManifest.xml:288:48-88
	android:name
		ADDED from src\main\AndroidManifest.xml:288:20-47
uses-sdk
INJECTED from src\main\AndroidManifest.xml reason: use-sdk injection requested
MERGED from [com.android.support:appcompat-v7:22.2.1] AndroidManifest.xml:20:5-43
MERGED from [com.android.support:support-v4:22.2.1] AndroidManifest.xml:20:5-43
	android:targetSdkVersion
		INJECTED from src\main\AndroidManifest.xml
		INJECTED from src\main\AndroidManifest.xml
	android:minSdkVersion
		INJECTED from src\main\AndroidManifest.xml
		INJECTED from src\main\AndroidManifest.xml